Acción registrada: 4 2024-11-01 23:32:10.688847 Login 130 root Login correcto
Acción registrada: 4 2024-11-01 23:39:22.457406 Login 130 root Login incorrecto
Acción registrada: 2024-11-01 23:39:38.349527  Actualizar 252 None
Acción registrada: 2024-11-01 23:39:50.424858  Alta 142 None
Acción registrada: 4 2024-11-01 23:40:10.459447 Login 130 root Login correcto
Acción registrada: 4 2024-11-01 23:41:32.292727 Login 130 admin Login incorrecto
Acción registrada: 4 2024-11-01 23:41:37.969485 Login 130 admin Login incorrecto
Acción registrada: 2024-11-01 23:42:02.352932  Alta 142 None
Acción registrada: 2024-11-01 23:42:31.452774  Alta 142 None
Acción registrada: 2024-11-01 23:42:37.074467  Borrar 184 None
Acción registrada: 4 2024-11-01 23:42:37.993111 Login 130 admin Login correcto
Acción registrada: 4 2024-11-01 23:47:12.685137 Login 130 admin Login incorrecto
Acción registrada: 4 2024-11-01 23:47:19.766080 Login 130 admin Login incorrecto
Acción registrada: 4 2024-11-01 23:47:24.402090 Login 130 admin2 Login incorrecto
Acción registrada: 4 2024-11-01 23:47:26.496978 Login 130 admin23 Login incorrecto
Acción registrada: 4 2024-11-01 23:47:37.094454 Login 130 admin Login correcto
Acción registrada: 4 2024-11-01 23:48:17.885931 Login 130 root Login correcto
Acción registrada: 2024-11-02 01:29:43.749469  Alta 142 None
Acción registrada: 4 2024-11-02 01:29:54.798448 Login 130 root Login correcto
Acción registrada: 2024-11-02 01:31:19.863081  Alta 142 None
Acción registrada: 4 2024-11-02 01:31:27.429296 Login 130 root Login correcto
Acción registrada: 2024-11-02 01:35:51.945777  Alta 142 None
Acción registrada: 4 2024-11-02 01:36:13.000801 Login 130 root Login correcto
Acción registrada: 2024-11-02 01:40:15.979632  Alta 142 None
Acción registrada: 4 2024-11-02 01:40:19.854479 Login 130 root Login correcto
Acción registrada: 2024-11-02 01:41:06.655383  Alta 142 None
Acción registrada: 2024-11-02 01:51:42.485162  Alta 142 None
Acción registrada: 2024-11-02 01:53:42.902682  Alta 142 None
Acción registrada: 4 2024-11-02 01:53:51.206838 Login 130 root Login correcto
Acción registrada: 2024-11-02 01:56:33.484327  Alta 142 None
Acción registrada: 4 2024-11-02 01:56:36.321543 Login 130 root Login correcto
Acción registrada: 2024-11-02 01:58:23.346754  Alta 142 None
Acción registrada: 2024-11-02 01:59:22.211061  Borrar 184 None
Acción registrada: 2024-11-02 01:59:38.577197  Borrar 184 None
Acción registrada: 2024-11-02 01:59:55.997917  Borrar 184 None
Acción registrada: 4 2024-11-02 02:00:11.950371 Login 130 root Login correcto
Acción registrada: 2024-11-02 02:02:48.113417  Alta 142 None
Acción registrada: 4 2024-11-02 02:02:54.999078 Login 130 root Login correcto
Acción registrada: 2024-11-02 02:03:31.428973  Alta 142 None
Acción registrada: 4 2024-11-02 02:03:43.713594 Login 130 root Login correcto
Acción registrada: 4 2024-11-02 02:05:01.602736 Login 130 admin Login incorrecto
Acción registrada: 2024-11-02 02:05:23.252772  Alta 142 None
Acción registrada: 2024-11-02 02:05:37.596672  Alta 142 None
Acción registrada: 2024-11-02 02:05:48.699037  Alta 142 None
Acción registrada: 2024-11-02 02:05:56.786858  Actualizar 252 None
Acción registrada: 4 2024-11-02 02:06:05.841925 Login 130 admin Login correcto
Acción registrada: 2024-11-02 02:08:22.819812  Alta 142 None
Acción registrada: 4 2024-11-02 02:08:46.987994 Login 130 root Login correcto
Acción registrada: 2024-11-02 02:10:10.684596  Alta 142 None
Acción registrada: 4 2024-11-02 02:11:21.244905 Login 130 root Login correcto
Acción registrada: 2024-11-02 09:21:51.764180  Alta 142 None
Acción registrada: 4 2024-11-02 09:21:56.918006 Login 130 root Login correcto
Acción registrada: 2024-11-02 09:22:41.766389  Vista 361 None
Acción registrada: 2024-11-02 09:22:43.803301  Vista 361 None
Acción registrada: 2024-11-02 09:23:21.395120  Alta 142 None
Acción registrada: 4 2024-11-02 09:23:23.676210 Login 130 root Login correcto
Acción registrada: 4 2024-11-02 09:46:24.838208 Login 130 root Login correcto
Acción registrada: 4 2024-11-02 09:46:49.472925 Login 130 root Login correcto
Acción registrada: 2024-11-02 09:47:56.953967  Alta 142 None
Acción registrada: 2024-11-02 09:48:24.464590  Alta 142 None
Acción registrada: 4 2024-11-02 09:48:41.581456 Login 130 root Login correcto
Acción registrada: 2024-11-02 09:52:45.907778  Borrar 184 None
Acción registrada: 4 2024-11-02 09:53:04.234862 Login 130 admin Login correcto
Acción registrada: 2024-11-02 09:56:18.001654  Alta 142 None
Acción registrada: 4 2024-11-02 09:56:25.268173 Login 130 root Login correcto
Acción registrada: 2024-11-02 09:57:02.988719  Borrar 184 None
Acción registrada: 2024-11-02 09:57:02.988719  Modelo 139 None
Acción registrada: 4 2024-11-02 09:57:08.031557 Login 130 invitado Login correcto
Acción registrada: 2024-11-02 09:59:19.804735  Alta 142 None
Acción registrada: 4 2024-11-02 09:59:25.672869 Login 130 invitado Login correcto
Acción registrada: 2024-11-02 09:59:56.150857  Actualizar 252 None
Acción registrada: 4 2024-11-02 10:00:10.905843 Login 130 invitado Login correcto
Acción registrada: 2024-11-02 10:03:28.398472  Vista 361 None
Acción registrada: 2024-11-02 10:03:57.549795  Alta 142 None
Acción registrada: 4 2024-11-02 10:04:03.275240 Login 130 invitado Login correcto
Acción registrada: 2024-11-02 10:07:32.897748  Alta 142 None
Acción registrada: 4 2024-11-02 10:07:44.470317 Login 130 invitado Login correcto
Acción registrada: 2024-11-02 10:10:11.012430 None Alta 142 None
Acción registrada: 4 2024-11-02 10:10:19.992563 Login 130 invitado Login correcto
Acción registrada: 2024-11-02 10:11:49.575526 None Borrar 184 None
Acción registrada: 4 2024-11-02 10:20:29.553916 Login 130 invitado Login incorrecto
Acción registrada: 2024-11-02 10:22:21.716994 None Alta 142 None
Acción registrada: 4 2024-11-02 10:22:35.635541 Login 130 invitado Login correcto
Acción registrada: 2024-11-02 10:23:33.169070 None Alta 142 None
Acción registrada: 4 2024-11-02 10:23:46.528166 Login 130 invitado Login correcto
Acción registrada: 2024-11-02 11:39:58.678009 None Alta 142 None
Acción registrada: 4 2024-11-02 11:40:05.308015 Login 130 root Login correcto
Acción registrada: 2024-11-02 11:40:44.234689 None Actualizar 252 None
Acción registrada: 4 2024-11-02 11:40:47.001413 Login 130 root Login correcto
Acción registrada: 2024-11-02 11:44:45.696191 root Alta 142 None
Acción registrada: 4 2024-11-02 11:44:52.488551 Login 130 root Login correcto
Acción registrada: 2024-11-02 11:50:02.478784 None Actualizar 252 None
Acción registrada: 2024-11-02 11:52:31.804092 root Modelo 201 None
Acción registrada: 4 2024-11-02 11:52:36.098109 Login 130 root Login correcto
Acción registrada: 2024-11-02 11:52:49.665893 admin Modelo 201 None
Acción registrada: 4 2024-11-02 11:53:07.950085 Login 130 admin Login correcto
Acción registrada: 2024-11-02 11:53:29.969101 root Modelo 201 None
Acción registrada: 4 2024-11-02 11:53:49.149082 Login 130 root Login correcto
Acción registrada: 2024-11-02 11:58:09.589508 admin Modelo 201 None
Acción registrada: 2024-11-02 11:59:00.013862 admin Alta 142 None
Acción registrada: 4 2024-11-02 11:59:06.692975 Login 130 admin Login correcto
Acción registrada: 4 2024-11-02 12:04:02.809378 Login 130 root Login incorrecto
Acción registrada: 4 2024-11-02 12:06:22.786777 Login 130 root Login incorrecto
Acción registrada: 2024-11-02 12:07:27.437027 root Login 702 Login incorrecto
Acción registrada: 2024-11-02 12:09:27.570438 root Login 702 Login incorrecto
Acción registrada: 2024-11-02 12:10:04.527159 root Login 702 Login incorrecto
Acción registrada: 2024-11-02 12:11:04.129508 root Login 702 Login incorrecto
Acción registrada: 2024-11-02 12:14:42.750000 root Login 702 Login incorrecto
Acción registrada: 2024-11-02 12:15:04.835298 root Login 702 Login incorrecto
Acción registrada: 2024-11-02 12:23:12.295196 root Login 702 None
Acción registrada: 2024-11-02 12:24:44.310618 root Login 702 None
Acción registrada: 2024-11-02 12:24:58.841748 root Login 702 None
Acción registrada: 2024-11-02 12:26:45.883883 root Login 702 None
Acción registrada: 2024-11-02 12:26:55.942434 root Login 702 None
Acción registrada: 2024-11-02 12:28:54.085538 root Login 702 None
Acción registrada: 2024-11-02 12:29:07.379765 root Login 702 None
Acción registrada: 2024-11-02 12:33:35.084066 root Login 702 None
Acción registrada: 2024-11-02 12:35:54.254453 root Login 702 None
Acción registrada: 2024-11-02 12:36:00.216096 root Login 702 None
Acción registrada: 2024-11-02 12:36:13.779132 root Alta 142 None
Acción registrada: 2024-11-02 12:36:50.489668 root Login 702 None
Acción registrada: 2024-11-02 12:36:54.103287 root Login 702 None
Acción registrada: 2024-11-02 12:37:22.799891 None Borrar 184 None
Acción registrada: 2024-11-02 12:40:45.182621 root Login 702 None
Acción registrada: 2024-11-02 12:40:56.019964 root Alta 142 None
Acción registrada: 2024-11-02 12:41:13.311183 root Borrar 184 None
Acción registrada: Línea: 702,Módulo: Login,Fecha: 2024-11-02 12:45:01.992344,Usuario: root Login correcto ,
Acción registrada: Línea: 142,Módulo: Alta,Fecha: 2024-11-02 12:45:14.591979,Usuario: root None ,
Acción registrada: Línea: 702, Módulo: Login, Fecha: 2024-11-02 12:46:29.815911, Usuario: root Login correcto ,
Acción registrada: Línea: 184, Módulo: Borrar, Fecha: 2024-11-02 12:46:37.677602, Usuario: root None ,
