Acción registrada: Línea: 702, Módulo: Login, Fecha: 2024-11-02 17:57:11.345907, Usuario: root Login incorrecto
Acción registrada: Línea: 702, Módulo: Login, Fecha: 2024-11-02 17:57:19.214157, Usuario: admin Login incorrecto
Acción registrada: Línea: 702, Módulo: Login, Fecha: 2024-11-02 17:57:26.320995, Usuario: invitado Login incorrecto
Acción registrada: Línea: 702, Módulo: Login, Fecha: 2024-11-02 17:57:30.618413, Usuario: invitado Login correcto
Acción registrada: Línea: 142, Módulo: Alta, Fecha: 2024-11-02 17:57:46.875524, Usuario: invitado None
Acción registrada: Línea: 142, Módulo: Alta, Fecha: 2024-11-02 17:58:04.374644, Usuario: invitado None
Acción registrada: Línea: 142, Módulo: Alta, Fecha: 2024-11-02 17:58:23.285017, Usuario: invitado None
Acción registrada: Línea: 142, Módulo: Alta, Fecha: 2024-11-02 17:58:39.249041, Usuario: invitado None
Acción registrada: Línea: 142, Módulo: Alta, Fecha: 2024-11-02 17:58:54.538628, Usuario: invitado None
Acción registrada: Línea: 252, Módulo: Actualizar, Fecha: 2024-11-02 17:59:00.577820, Usuario: None None
Acción registrada: Línea: 142, Módulo: Alta, Fecha: 2024-11-02 17:59:10.852975, Usuario: invitado None
Acción registrada: Línea: 252, Módulo: Actualizar, Fecha: 2024-11-02 17:59:17.084531, Usuario: None None
Acción registrada: Línea: 142, Módulo: Alta, Fecha: 2024-11-02 17:59:27.159026, Usuario: invitado None
Acción registrada: Línea: 142, Módulo: Alta, Fecha: 2024-11-02 17:59:49.129948, Usuario: invitado None
Acción registrada: Línea: 184, Módulo: Borrar, Fecha: 2024-11-02 17:59:52.486149, Usuario: invitado None
Acción registrada: Línea: 702, Módulo: Login, Fecha: 2024-11-02 18:02:35.730029, Usuario: root Login incorrecto
Acción registrada: Línea: 702, Módulo: Login, Fecha: 2024-11-02 18:02:50.616721, Usuario: root Login incorrecto
Acción registrada: Línea: 702, Módulo: Login, Fecha: 2024-11-02 18:02:55.156750, Usuario: root Login correcto
Acción registrada: Línea: 142, Módulo: Alta, Fecha: 2024-11-02 18:03:11.752421, Usuario: root None ,
Acción registrada: Línea: 142, Módulo: Alta, Fecha: 2024-11-02 18:03:46.070867, Usuario: root None ,
Acción registrada: Línea: 702, Módulo: Login, Fecha: 2024-11-02 18:28:15.646136, Usuario: root Login incorrecto App Local ,
Acción registrada: Línea: 702, Módulo: Login, Fecha: 2024-11-02 18:30:34.938343, Usuario: root Login incorrecto App Local ,
Acción registrada: Línea: 702, Módulo: Login, Fecha: 2024-11-02 18:30:41.716667, Usuario: root Login correcto App Local ,
Acción registrada: Línea: 142, Módulo: Alta, Fecha: 2024-11-02 18:31:51.046964, Usuario: root App Local ,
Acción registrada: Línea: 142, Módulo: Alta, Fecha: 2024-11-02 18:32:05.780916, Usuario: root App Local ,
Acción registrada: Línea: 142, Módulo: Alta, Fecha: 2024-11-02 18:32:18.452750, Usuario: root App Local ,
Acción registrada: Línea: 702, Módulo: Login, Fecha: 2024-11-04 00:53:55.594348, Usuario: root Login correcto App Local
Acción registrada: Línea: 142, Módulo: Alta, Fecha: 2024-11-04 00:54:10.250577, Usuario: root App Local
Acción registrada: Línea: 142, Módulo: Alta, Fecha: 2024-11-04 00:54:25.441642, Usuario: root App Local
Acción registrada: Línea: 252, Módulo: Actualizar, Fecha: 2024-11-04 00:54:32.655099, Usuario: None App Local
Acción registrada: Línea: 184, Módulo: Borrar, Fecha: 2024-11-04 00:54:40.140982, Usuario: root App Local
Acción registrada: Línea: 184, Módulo: Borrar, Fecha: 2024-11-04 00:54:43.886035, Usuario: root App Local
Acción registrada: Línea: 702, Módulo: Login, Fecha: 2024-11-04 00:56:34.404952, Usuario: root Login incorrecto App Local
Acción registrada: Línea: 702, Módulo: Login, Fecha: 2024-11-04 00:56:40.492238, Usuario: root Login incorrecto App Local
Acción registrada: Línea: 702, Módulo: Login, Fecha: 2024-11-04 00:56:47.107402, Usuario: admin Login correcto App Local
